<?xml version="1.0" encoding="UTF-8"?>
<testsuite name="edu.coursera.distributed.SparkTest" time="161.341" tests="6" errors="0" skipped="0" failures="2">
  <properties>
[...]
</properties>
  <testcase name="testRandomFiftyThousand" classname="edu.coursera.distributed.SparkTest" time="38.568"/>
  <testcase name="testRandomTwentyThousand" classname="edu.coursera.distributed.SparkTest" time="16.289">
    <failure message="Expected at least 1.35x speedup, but only saw 1.1353699932111336x. Sequential time = 8362 ms, parallel time = 7365 ms" type="junit.framework.AssertionFailedError">junit.framework.AssertionFailedError: Expected at least 1.35x speedup, but only saw 1.1353699932111336x. Sequential time = 8362 ms, parallel time = 7365 ms
	at junit.framework.Assert.fail(Assert.java:47)
	at junit.framework.Assert.assertTrue(Assert.java:20)
	at edu.coursera.distributed.SparkTest.testDriver(SparkTest.java:229)
	at edu.coursera.distributed.SparkTest.testRandomTwentyThousand(SparkTest.java:283)
</failure>
    <system-err><![CDATA[Running the PageRank algorithm for 5 iterations on a website graph of 20000 websites


Single-core execution ran in 8362 ms
8-core execution ran in 7365 ms, yielding a speedup of 1.1353699932111336x

]]></system-err>
  </testcase>
  <testcase name="testIncreasingFiftyThousand" classname="edu.coursera.distributed.SparkTest" time="31.934"/>
  <testcase name="testUniformFiftyThousand" classname="edu.coursera.distributed.SparkTest" time="42.939"/>
  <testcase name="testUniformTwentyThousand" classname="edu.coursera.distributed.SparkTest" time="17.868"/>
  <testcase name="testIncreasingTwentyThousand" classname="edu.coursera.distributed.SparkTest" time="13.743">
    <failure message="Expected at least 1.35x speedup, but only saw 1.310987288873411x. Sequential time = 7529 ms, parallel time = 5743 ms" type="junit.framework.AssertionFailedError">junit.framework.AssertionFailedError: Expected at least 1.35x speedup, but only saw 1.310987288873411x. Sequential time = 7529 ms, parallel time = 5743 ms
	at junit.framework.Assert.fail(Assert.java:47)
	at junit.framework.Assert.assertTrue(Assert.java:20)
	at edu.coursera.distributed.SparkTest.testDriver(SparkTest.java:229)
	at edu.coursera.distributed.SparkTest.testIncreasingTwentyThousand(SparkTest.java:261)
</failure>
    <system-err><![CDATA[Running the PageRank algorithm for 5 iterations on a website graph of 20000 websites


Single-core execution ran in 7529 ms
8-core execution ran in 5743 ms, yielding a speedup of 1.310987288873411x

]]></system-err>
  </testcase>
</testsuite>