<?xml version="1.0" encoding="UTF-8"?>
<testsuite name="edu.coursera.concurrent.ListSetTest" time="1,051.846" tests="6" errors="0" skipped="0" failures="2">
  <properties>
[...]
</properties>
  <testcase name="testReadWriteLocksRepeatingLarge" classname="edu.coursera.concurrent.ListSetTest" time="197.061">
    <failure message="Expected add throughput improvement to be at least 0.500000x with read-write locks, but found 0.488374x" type="junit.framework.AssertionFailedError">junit.framework.AssertionFailedError: Expected add throughput improvement to be at least 0.500000x with read-write locks, but found 0.488374x
	at junit.framework.Assert.fail(Assert.java:47)
	at junit.framework.Assert.assertTrue(Assert.java:20)
	at edu.coursera.concurrent.ListSetTest.testReadWriteLocksHelper(ListSetTest.java:219)
	at edu.coursera.concurrent.ListSetTest.testReadWriteLocksRepeatingLarge(ListSetTest.java:117)
</failure>
    <system-out><![CDATA[=========================================================
RWCoarseList vs. SyncList (Large Repeating)
=========================================================
# threads = 8
0.4883736299009657x improvement in add throughput (74.23158708679684 -> 36.25274963888862)
7.275487012987012x improvement in contains throughput (85.68177254166946 -> 623.3766233766233)
0.7936085219707057x improvement in remove throughput (1288.5906040268455 -> 1022.6364846870839)
=========================================================
]]></system-out>
  </testcase>
  <testcase name="testReadWriteLocksRandomLarge" classname="edu.coursera.concurrent.ListSetTest" time="224.719"/>
  <testcase name="testReadWriteLocksRandomSmall" classname="edu.coursera.concurrent.ListSetTest" time="66.368"/>
  <testcase name="testReadWriteLocksRepeatingSmall" classname="edu.coursera.concurrent.ListSetTest" time="64.313"/>
  <testcase name="testCoarseGrainedLockingRandomLarge" classname="edu.coursera.concurrent.ListSetTest" time="297.274"/>
  <testcase name="testCoarseGrainedLockingRepeatingLarge" classname="edu.coursera.concurrent.ListSetTest" time="202.111">
    <failure message="Expected remove throughput to remain similar (at least 0.600000x) with locks, but found 0.150108x" type="junit.framework.AssertionFailedError">junit.framework.AssertionFailedError: Expected remove throughput to remain similar (at least 0.600000x) with locks, but found 0.150108x
	at junit.framework.Assert.fail(Assert.java:47)
	at junit.framework.Assert.assertTrue(Assert.java:20)
	at edu.coursera.concurrent.ListSetTest.testCoarseGrainedLockingHelper(ListSetTest.java:182)
	at edu.coursera.concurrent.ListSetTest.testCoarseGrainedLockingRepeatingLarge(ListSetTest.java:69)
</failure>
    <system-out><![CDATA[=========================================================
CoarseList vs. SyncList (Large Repeating)
=========================================================
# threads = 8
1.5990387047811787x improvement in add throughput (67.49986816431999 -> 107.93490176237457)
6.322062683341052x improvement in contains throughput (93.77747386929765 -> 592.8670680870773)
0.1501078981441519x improvement in remove throughput (2208.1656124209317 -> 331.4630988347)
=========================================================
]]></system-out>
  </testcase>
</testsuite>